* using log directory ‘/Users/kryberg/rPackages/seawaveQ/seawaveQ.Rcheck’
* using R version 3.5.0 (2018-04-23)
* using platform: x86_64-apple-darwin15.6.0 (64-bit)
* using session charset: UTF-8
* using option ‘--as-cran’
* checking for file ‘seawaveQ/DESCRIPTION’ ... OK
* this is package ‘seawaveQ’ version ‘2.0.0’
* checking CRAN incoming feasibility ... NOTE
Maintainer: ‘Karen R. Ryberg <kryberg@usgs.gov>’

Found the following (possibly) invalid URLs:
  URL: http://CRAN.R-project.org/package=NADA
    From: man/rosBoxPlot.Rd
    Status: 200
    Message: OK
    CRAN URL not in canonical form
  Canonical CRAN.R-project.org URLs use https.

No package encoding and non-ASCII characters in the following R files:
  R/seawaveq-package.R
    35: #' in the nation<e2><80><99>s rivers and streams, 1972<e2><80><93>2012<e2><80><94>Data preparation, statistical 
    37: #' Report 2017<e2><80><93>5006, 136 p., http://pubs.er.usgs.gov/publication/sir20175006.
    41: #' v. 538, p. 431<e2><80><93>444, https://doi.org/10.1016/j.scitotenv.2015.06.095.
    52: #' U.S. Geological Survey Scientific Investigations Report 2014<e2><80><93>5135, 

The Title field should be in title case, current version then in title case:
‘SEAWAVE-Q model’
‘SEAWAVE-Q Model’
* checking package namespace information ... OK
* checking package dependencies ... OK
* checking if this is a source package ... OK
* checking if there is a namespace ... OK
* checking for executable files ... OK
* checking for hidden files and directories ... OK
* checking for portable file names ... OK
* checking for sufficient/correct file permissions ... OK
* checking serialization versions ... OK
* checking whether package ‘seawaveQ’ can be installed ... OK
* checking installed package size ... OK
* checking package directory ... OK
* checking ‘build’ directory ... OK
* checking DESCRIPTION meta-information ... NOTE
Malformed Description field: should contain one or more complete sentences.
Invalid license file pointers: LICENSE
Author field differs from that derived from Authors@R
  Author:    ‘Karen R. Ryberg [aut, cre], Aldo V. Vecchia [aut], Benjamin York [ctb]’
  Authors@R: ‘Karen Ryberg [aut, cre], Aldo Vecchia [aut], Benjamin York [ctb]’

Maintainer field differs from that derived from Authors@R
  Maintainer: ‘Karen R. Ryberg <kryberg@usgs.gov>’
  Authors@R:  ‘Karen Ryberg <kryberg@usgs.gov>’

* checking top-level files ... OK
* checking for left-over files ... OK
* checking index information ... OK
* checking package subdirectories ... OK
* checking R files for non-ASCII characters ... OK
* checking R files for syntax errors ... OK
* checking whether the package can be loaded ... OK
* checking whether the package can be loaded with stated dependencies ... OK
* checking whether the package can be unloaded cleanly ... OK
* checking whether the namespace can be loaded with stated dependencies ... OK
* checking whether the namespace can be unloaded cleanly ... OK
* checking loading without being on the library search path ... OK
* checking use of S3 registration ... OK
* checking dependencies in R code ... WARNING
'library' or 'require' calls not declared from:
  ‘NADA’ ‘lubridate’ ‘rms’
'library' or 'require' calls in package code:
  ‘NADA’ ‘lubridate’ ‘rms’
  Please use :: or requireNamespace() instead.
  See section 'Suggested packages' in the 'Writing R Extensions' manual.
* checking S3 generic/method consistency ... OK
* checking replacement functions ... OK
* checking foreign function calls ... OK
* checking R code for possible problems ... NOTE
cenScatPlot: no visible global function definition for ‘plot’
cenScatPlot: no visible global function definition for ‘points’
cenScatPlot: no visible global function definition for ‘legend’
cenScatPlot: no visible global function definition for ‘title’
fitMod: no visible global function definition for ‘supsmu’
fitMod: no visible global function definition for ‘survreg’
fitMod: no visible global function definition for ‘extractAIC’
fitMod: no visible global function definition for ‘sessionInfo’
fitMod2: no visible global function definition for ‘rcs’
fitMod2: no visible global function definition for ‘supsmu’
fitMod2: no visible global function definition for ‘survreg’
fitMod2: no visible global function definition for ‘extractAIC’
fitMod2: no visible global function definition for ‘sessionInfo’
fitswavecav: no visible global function definition for ‘year’
fitswavecav: no visible global function definition for ‘quantile’
prepData: no visible global function definition for ‘year’
prepData: no visible global function definition for ‘month’
prepData: no visible global function definition for ‘day’
rosBoxPlot: no visible global function definition for ‘ros’
rosBoxPlot: no visible global function definition for ‘boxplot’
rosBoxPlot: no visible global function definition for ‘title’
seawaveQPlots: no visible global function definition for ‘pdf’
seawaveQPlots: no visible global function definition for ‘par’
seawaveQPlots: no visible global function definition for ‘qnorm’
seawaveQPlots: no visible global function definition for ‘runif’
seawaveQPlots: no visible global function definition for ‘pnorm’
seawaveQPlots: no visible global function definition for ‘plot’
seawaveQPlots: no visible global function definition for ‘points’
seawaveQPlots: no visible global function definition for ‘lines’
seawaveQPlots: no visible global function definition for ‘mtext’
seawaveQPlots: no visible global function definition for ‘text’
seawaveQPlots: no visible global function definition for ‘quantile’
seawaveQPlots: no visible global function definition for ‘dev.off’
seawaveQPlots2: no visible binding for global variable ‘graphfile’
seawaveQPlots2: no visible global function definition for ‘pdf’
seawaveQPlots2: no visible global function definition for ‘par’
seawaveQPlots2: no visible global function definition for ‘qnorm’
seawaveQPlots2: no visible global function definition for ‘runif’
seawaveQPlots2: no visible global function definition for ‘pnorm’
seawaveQPlots2: no visible global function definition for ‘plot’
seawaveQPlots2: no visible global function definition for ‘points’
seawaveQPlots2: no visible global function definition for ‘lines’
seawaveQPlots2: no visible global function definition for ‘mtext’
seawaveQPlots2: no visible global function definition for ‘text’
seawaveQPlots2: no visible global function definition for ‘quantile’
seawaveQPlots2: no visible global function definition for ‘dev.off’
Undefined global functions or variables:
  boxplot day dev.off extractAIC graphfile legend lines month mtext par
  pdf plot pnorm points qnorm quantile rcs ros runif sessionInfo supsmu
  survreg text title year
Consider adding
  importFrom("grDevices", "dev.off", "pdf")
  importFrom("graphics", "boxplot", "legend", "lines", "mtext", "par",
             "plot", "points", "text", "title")
  importFrom("stats", "extractAIC", "pnorm", "qnorm", "quantile",
             "runif", "supsmu")
  importFrom("utils", "sessionInfo")
to your NAMESPACE file.
* checking Rd files ... WARNING
seawaveQ-package.Rd: non-ASCII input and no declared encoding
problem found in ‘seawaveQ-package.Rd’
* checking Rd metadata ... OK
* checking Rd line widths ... OK
* checking Rd cross-references ... WARNING
Missing link or links in documentation object 'cenScatPlot.Rd':
  ‘qwMoRivOmaha’

Missing link or links in documentation object 'combineData.Rd':
  ‘qwMoRivOmaha’

Missing link or links in documentation object 'examplecdatsub.Rd':
  ‘qwMoRivOmaha’

Missing link or links in documentation object 'rosBoxPlot.Rd':
  ‘qwMoRivOmaha’

See section 'Cross-references' in the 'Writing R Extensions' manual.

* checking for missing documentation entries ... WARNING
Undocumented data sets:
  ‘qwMoRivOmaha’
All user-level objects in a package should have documentation entries.
See chapter ‘Writing R documentation files’ in the ‘Writing R
Extensions’ manual.
* checking for code/documentation mismatches ... WARNING
Codoc mismatches from documentation object 'fitswavecav':
fitswavecav
  Code: function(cdat, cavdat, tanm = "trend1", pnames, yrstart = 0,
                 yrend = 0, tndbeg = 0, tndend = 0, iwcav = c("none"),
                 dcol = "dates", qwcols = c("R", "P"), mclass = 1, numk
                 = 4)
  Docs: function(cdat, cavdat, tanm = "trend1", pnames, yrstart = 0,
                 yrend = 0, tndbeg = 0, tndend = 0, iwcav = c("none"),
                 dcol = "dates", qwcols = c("R", "P"), mclass = 1)
  Argument names in code not in docs:
    numk

* checking Rd \usage sections ... WARNING
Undocumented arguments in documentation object 'seawaveQPlots2'
  ‘tndrcs’ ‘tndrcspr’ ‘numknots’

Functions with \usage entries need to have the appropriate \alias
entries, and all their arguments documented.
The \usage entries must correspond to syntactically valid R code.
See chapter ‘Writing R documentation files’ in the ‘Writing R
Extensions’ manual.
* checking Rd contents ... OK
* checking for unstated dependencies in examples ... OK
* checking contents of ‘data’ directory ... OK
* checking data for non-ASCII characters ... OK
* checking data for ASCII and uncompressed saves ... OK
* checking sizes of PDF files under ‘inst/doc’ ... OK
* checking installed files from ‘inst/doc’ ... OK
* checking files in ‘vignettes’ ... OK
* checking examples ... ERROR
Running examples in ‘seawaveQ-Ex.R’ failed
The error most likely occurred in:

> base::assign(".ptime", proc.time(), pos = "CheckExEnv")
> ### Name: fitMod
> ### Title: Internal function that fits the seawaveQ model.
> ### Aliases: fitMod
> ### Keywords: models regression survival ts
> 
> ### ** Examples
> 
> data(swData)
> myRes <- fitMod(cdatsub=examplecdatsub, cavdat=examplecavdat, 
+ yrstart=1995, yrend=2003, tndbeg=1995, tndend=2003, tanm="myfit3", 
+ pnames=c("04041"), qwcols=c("R", "P"))
Computing the best seasonal wave.
Error in survreg(Surv(time = clogtmp, time2 = indcen, type = "left") ~  : 
  could not find function "survreg"
Calls: fitMod
Execution halted
* checking for unstated dependencies in vignettes ... OK
* checking package vignettes in ‘inst/doc’ ... OK
* checking re-building of vignette outputs ... OK
* checking PDF version of manual ... OK
* DONE
Status: 1 ERROR, 6 WARNINGs, 3 NOTEs
