Hmm ... looks like a package

This is pdfTeX, Version 3.14159265-2.6-1.40.16 (TeX Live 2015) (preloaded format=pdflatex)
 restricted \write18 enabled.
entering extended mode
LaTeX2e <2015/01/01>
Babel <3.9l> and hyphenation patterns for 79 languages loaded.
(./Rd2.tex
(/usr/local/texlive/2015/texmf-dist/tex/latex/base/book.cls
Document Class: book 2014/09/29 v1.4h Standard LaTeX document class
(/usr/local/texlive/2015/texmf-dist/tex/latex/base/bk10.clo))
(/Library/Frameworks/R.framework/Resources/share/texmf/tex/latex/Rd.sty
(/usr/local/texlive/2015/texmf-dist/tex/latex/base/ifthen.sty)
(/usr/local/texlive/2015/texmf-dist/tex/latex/tools/longtable.sty)
(/usr/local/texlive/2015/texmf-dist/tex/latex/tools/bm.sty)
(/usr/local/texlive/2015/texmf-dist/tex/latex/base/alltt.sty)
(/usr/local/texlive/2015/texmf-dist/tex/latex/tools/verbatim.sty)
(/usr/local/texlive/2015/texmf-dist/tex/latex/url/url.sty)
(/usr/local/texlive/2015/texmf-dist/tex/latex/base/textcomp.sty
(/usr/local/texlive/2015/texmf-dist/tex/latex/base/ts1enc.def))
(/usr/local/texlive/2015/texmf-dist/tex/latex/base/fontenc.sty
(/usr/local/texlive/2015/texmf-dist/tex/latex/base/t1enc.def))
(/usr/local/texlive/2015/texmf-dist/tex/latex/psnfss/times.sty)
(/usr/local/texlive/2015/texmf-dist/tex/latex/inconsolata/zi4.sty
`inconsolata-zi4' v1.05, 2014/06/22 Text macros for Inconsolata (msharpe)
(/usr/local/texlive/2015/texmf-dist/tex/latex/graphics/keyval.sty))
(/usr/local/texlive/2015/texmf-dist/tex/latex/graphics/color.sty
(/usr/local/texlive/2015/texmf-dist/tex/latex/latexconfig/color.cfg)
(/usr/local/texlive/2015/texmf-dist/tex/latex/pdftex-def/pdftex.def
(/usr/local/texlive/2015/texmf-dist/tex/generic/oberdiek/infwarerr.sty)
(/usr/local/texlive/2015/texmf-dist/tex/generic/oberdiek/ltxcmds.sty)))
(/usr/local/texlive/2015/texmf-dist/tex/latex/hyperref/hyperref.sty
(/usr/local/texlive/2015/texmf-dist/tex/generic/oberdiek/hobsub-hyperref.sty
(/usr/local/texlive/2015/texmf-dist/tex/generic/oberdiek/hobsub-generic.sty))
(/usr/local/texlive/2015/texmf-dist/tex/generic/ifxetex/ifxetex.sty)
(/usr/local/texlive/2015/texmf-dist/tex/latex/oberdiek/auxhook.sty)
(/usr/local/texlive/2015/texmf-dist/tex/latex/oberdiek/kvoptions.sty)
(/usr/local/texlive/2015/texmf-dist/tex/latex/hyperref/pd1enc.def)
(/usr/local/texlive/2015/texmf-dist/tex/latex/latexconfig/hyperref.cfg))

Package hyperref Message: Driver (autodetected): hpdftex.

(/usr/local/texlive/2015/texmf-dist/tex/latex/hyperref/hpdftex.def
(/usr/local/texlive/2015/texmf-dist/tex/latex/oberdiek/rerunfilecheck.sty))

Package hyperref Warning: Option `hyperindex' has already been used,
(hyperref)                setting the option has no effect on input line 366.


Package hyperref Warning: Option `pagebackref' has already been used,
(hyperref)                setting the option has no effect on input line 366.

) (/usr/local/texlive/2015/texmf-dist/tex/latex/base/makeidx.sty)
(/usr/local/texlive/2015/texmf-dist/tex/latex/base/inputenc.sty
(/usr/local/texlive/2015/texmf-dist/tex/latex/base/utf8.def
(/usr/local/texlive/2015/texmf-dist/tex/latex/base/t1enc.dfu)
(/usr/local/texlive/2015/texmf-dist/tex/latex/base/ot1enc.dfu)
(/usr/local/texlive/2015/texmf-dist/tex/latex/base/omsenc.dfu)
(/usr/local/texlive/2015/texmf-dist/tex/latex/base/ts1enc.dfu))
(/usr/local/texlive/2015/texmf-dist/tex/latex/base/latin1.def))
(/usr/local/texlive/2015/texmf-dist/tex/latex/graphics/graphicx.sty
(/usr/local/texlive/2015/texmf-dist/tex/latex/graphics/graphics.sty
(/usr/local/texlive/2015/texmf-dist/tex/latex/graphics/trig.sty)
(/usr/local/texlive/2015/texmf-dist/tex/latex/latexconfig/graphics.cfg)))
Writing index file Rd2.idx
No file Rd2.aux.
(/usr/local/texlive/2015/texmf-dist/tex/latex/base/ts1cmr.fd)
(/usr/local/texlive/2015/texmf-dist/tex/latex/psnfss/t1ptm.fd)
(/usr/local/texlive/2015/texmf-dist/tex/context/base/supp-pdf.mkii
[Loading MPS to PDF converter (version 2006.09.02).]
) (/usr/local/texlive/2015/texmf-dist/tex/latex/hyperref/nameref.sty
(/usr/local/texlive/2015/texmf-dist/tex/generic/oberdiek/gettitlestring.sty))
(/usr/local/texlive/2015/texmf-dist/tex/latex/oberdiek/epstopdf-base.sty
(/usr/local/texlive/2015/texmf-dist/tex/latex/oberdiek/grfext.sty)
(/usr/local/texlive/2015/texmf-dist/tex/latex/latexconfig/epstopdf-sys.cfg))
(/usr/local/texlive/2015/texmf-dist/tex/latex/inconsolata/t1zi4.fd)
(/usr/local/texlive/2015/texmf-dist/tex/latex/psnfss/t1phv.fd)
(/usr/local/texlive/2015/texmf-dist/tex/latex/base/utf8.def) [1{/usr/local/texl
ive/2015/texmf-var/fonts/map/pdftex/updmap/pdftex.map}]
Overfull \hbox (85.52754pt too wide) in paragraph at lines 75--78
\T1/ptm/m/n/10 the United States: Sci-ence of The To-tal En-vi-ron-ment, v. 538
, p. 431^^U444, https://doi.org/10.1016/j.scitotenv.2015.06.095. 
(/usr/local/texlive/2015/texmf-dist/tex/latex/base/utf8.def) [2] [3]
(/usr/local/texlive/2015/texmf-dist/tex/latex/base/utf8.def) [4]
(/usr/local/texlive/2015/texmf-dist/tex/latex/base/utf8.def)
Overfull \hbox (27.84755pt too wide) in paragraph at lines 314--316
[]\T1/ptm/m/n/10 a nu-meric vec-tor of size 361 with dis-crete val-ues of the s
ea-sonal wave for dec-i-mal sea-son \T1/zi4/m/n/10 seq(0,1,1/360)\T1/ptm/m/n/10
 . 
[5] (/usr/local/texlive/2015/texmf-dist/tex/latex/base/utf8.def) [6]
(/usr/local/texlive/2015/texmf-dist/tex/latex/base/utf8.def) [7]
Overfull \hbox (3.42743pt too wide) in paragraph at lines 463--467
[]\T1/ptm/m/n/10 Ryberg, K.R., and Vec-chia, A.V., 2012, waterData--An R pack-a
ge for re-trieval, anal-y-sis, and anomaly
(/usr/local/texlive/2015/texmf-dist/tex/latex/base/utf8.def)
Overfull \vbox (5.3109pt too high) has occurred while \output is active
[8] (/usr/local/texlive/2015/texmf-dist/tex/latex/base/utf8.def)
Overfull \hbox (2.50725pt too wide) in paragraph at lines 522--525
[]\T1/ptm/m/n/10 This is an ex-am-ple of the water-quality data that is passed 
in-ter-nally to sub-func-tions of [][]\T1/zi4/m/n/10 fitswavecav[][][]\T1/ptm/m
/n/10 .
[9] (/usr/local/texlive/2015/texmf-dist/tex/latex/base/utf8.def)
(/usr/local/texlive/2015/texmf-dist/tex/latex/base/utf8.def)
Overfull \hbox (18.29745pt too wide) in paragraph at lines 612--616
[]\T1/ptm/m/n/10 This is an ex-am-ple of data that is used in-ter-nally by [][]
fit-Mod[][][] and passed to its sub-func-tion [][]\T1/zi4/m/n/10 seawaveQPlots[
][][]\T1/ptm/m/n/10 .
[10] (/usr/local/texlive/2015/texmf-dist/tex/latex/base/utf8.def) [11]
(/usr/local/texlive/2015/texmf-dist/tex/latex/base/utf8.def)
Underfull \hbox (badness 10000) in paragraph at lines 701--719

[12] (/usr/local/texlive/2015/texmf-dist/tex/latex/base/utf8.def)
(/usr/local/texlive/2015/texmf-dist/tex/latex/base/utf8.def) [13]
(/usr/local/texlive/2015/texmf-dist/tex/latex/base/utf8.def) [14]
(/usr/local/texlive/2015/texmf-dist/tex/latex/base/utf8.def)
(/usr/local/texlive/2015/texmf-dist/tex/latex/base/utf8.def) [15]
(/usr/local/texlive/2015/texmf-dist/tex/latex/base/utf8.def) [16]
(/usr/local/texlive/2015/texmf-dist/tex/latex/base/utf8.def) [17]
(/usr/local/texlive/2015/texmf-dist/tex/latex/base/utf8.def) [18]
(/usr/local/texlive/2015/texmf-dist/tex/latex/base/utf8.def) [19]
Underfull \hbox (badness 10000) in paragraph at lines 1208--1211


Underfull \vbox (badness 10000) has occurred while \output is active [20]
[21] (/usr/local/texlive/2015/texmf-dist/tex/latex/base/utf8.def)
<"/Users/kryberg/rPackages/seawaveQ/seawaveQ.Rcheck/seawaveQ/help/figures/"0558
6100Simazine.pdf, id=339, 433.62pt x 289.08pt>
<use "/Users/kryberg/rPackages/seawaveQ/seawaveQ.Rcheck/seawaveQ/help/figures/"
05586100Simazine.pdf>
<"/Users/kryberg/rPackages/seawaveQ/seawaveQ.Rcheck/seawaveQ/help/figures/"0558
6100Prometon.pdf, id=340, 433.62pt x 289.08pt>
<use "/Users/kryberg/rPackages/seawaveQ/seawaveQ.Rcheck/seawaveQ/help/figures/"
05586100Prometon.pdf>
<"/Users/kryberg/rPackages/seawaveQ/seawaveQ.Rcheck/seawaveQ/help/figures/"0558
6100Metribuzin.pdf, id=341, 433.62pt x 289.08pt>
<use "/Users/kryberg/rPackages/seawaveQ/seawaveQ.Rcheck/seawaveQ/help/figures/"
05586100Metribuzin.pdf>
<"/Users/kryberg/rPackages/seawaveQ/seawaveQ.Rcheck/seawaveQ/help/figures/"0558
6100EPTC.pdf, id=342, 433.62pt x 289.08pt>
<use "/Users/kryberg/rPackages/seawaveQ/seawaveQ.Rcheck/seawaveQ/help/figures/"
05586100EPTC.pdf> [22]
Underfull \vbox (badness 10000) has occurred while \output is active [23 </User
s/kryberg/rPackages/seawaveQ/seawaveQ.Rcheck/seawaveQ/help/figures/05586100Sima
zine.pdf> </Users/kryberg/rPackages/seawaveQ/seawaveQ.Rcheck/seawaveQ/help/figu
res/05586100Prometon.pdf> </Users/kryberg/rPackages/seawaveQ/seawaveQ.Rcheck/se
awaveQ/help/figures/05586100Metribuzin.pdf>]
<"/Users/kryberg/rPackages/seawaveQ/seawaveQ.Rcheck/seawaveQ/help/figures/"0558
6100BoxPlots.pdf, id=378, 433.62pt x 252.945pt>
<use "/Users/kryberg/rPackages/seawaveQ/seawaveQ.Rcheck/seawaveQ/help/figures/"
05586100BoxPlots.pdf>
Underfull \hbox (badness 10000) in paragraph at lines 1381--1382


Overfull \hbox (33.4092pt too wide) in alignment at lines 1416--1416
 [] [] [] 
[24 </Users/kryberg/rPackages/seawaveQ/seawaveQ.Rcheck/seawaveQ/help/figures/05
586100EPTC.pdf> </Users/kryberg/rPackages/seawaveQ/seawaveQ.Rcheck/seawaveQ/hel
p/figures/05586100BoxPlots.pdf>] [25]
Underfull \vbox (badness 10000) has occurred while \output is active [26]
(/usr/local/texlive/2015/texmf-dist/tex/latex/base/utf8.def) [27]
(/usr/local/texlive/2015/texmf-dist/tex/latex/base/utf8.def) [28]
(/usr/local/texlive/2015/texmf-dist/tex/latex/base/utf8.def) [29]
Overfull \hbox (0.298pt too wide) in paragraph at lines 1798--1828
[]\T1/ptm/m/n/10 The plot-ting po-si-tion used for rep-re-sent-ing cen-sored va
l-ues in the plots pro-duced by [][]\T1/zi4/m/n/10 seawaveQPlots[][][]

Underfull \hbox (badness 10000) in paragraph at lines 1798--1828


Underfull \hbox (badness 10000) in paragraph at lines 1798--1828

[30] (/usr/local/texlive/2015/texmf-dist/tex/latex/base/utf8.def) [31]
Overfull \hbox (5.298pt too wide) in paragraph at lines 1935--1965
[]\T1/ptm/m/n/10 The plot-ting po-si-tion used for rep-re-sent-ing cen-sored va
l-ues in the plots pro-duced by [][]\T1/zi4/m/n/10 seawaveQPlots2[][][]

Underfull \hbox (badness 10000) in paragraph at lines 1935--1965


Underfull \hbox (badness 10000) in paragraph at lines 1935--1965

[32]
No file Rd2.ind.
[33] (./Rd2.aux)

Package rerunfilecheck Warning: File `Rd2.out' has changed.
(rerunfilecheck)                Rerun to get outlines right
(rerunfilecheck)                or use package `bookmark'.

 )
(see the transcript file for additional information)pdfTeX warning (dest): name
{Rfn.ros} has been referenced but does not exist, replaced by a fixed one

pdfTeX warning (dest): name{Rfn.plot} has been referenced but does not exist, r
eplaced by a fixed one

pdfTeX warning (dest): name{Rfn.legend} has been referenced but does not exist,
 replaced by a fixed one

pdfTeX warning (dest): name{Rfn.qwMoRivOmaha} has been referenced but does not 
exist, replaced by a fixed one

{/usr/local/texlive/2015/texmf-dist/fonts/enc/dvips/base/8r.enc}{/usr/local/tex
live/2015/texmf-dist/fonts/enc/dvips/inconsolata/i4-t1-0.enc}</usr/local/texliv
e/2015/texmf-dist/fonts/type1/public/inconsolata/Inconsolata-zi4r.pfb></usr/loc
al/texlive/2015/texmf-dist/fonts/type1/urw/helvetic/uhvr8a.pfb></usr/local/texl
ive/2015/texmf-dist/fonts/type1/urw/times/utmb8a.pfb></usr/local/texlive/2015/t
exmf-dist/fonts/type1/urw/times/utmr8a.pfb></usr/local/texlive/2015/texmf-dist/
fonts/type1/urw/times/utmr8a.pfb></usr/local/texlive/2015/texmf-dist/fonts/type
1/urw/times/utmri8a.pfb>
Output written on Rd2.pdf (33 pages, 171526 bytes).
Transcript written on Rd2.log.
This is makeindex, version 2.15 [TeX Live 2015] (kpathsea + Thai support).
Scanning input file Rd2.idx....done (110 entries accepted, 0 rejected).
Sorting entries....done (848 comparisons).
Generating output file Rd2.ind....done (121 lines written, 0 warnings).
Output written in Rd2.ind.
Transcript written in Rd2.ilg.
This is pdfTeX, Version 3.14159265-2.6-1.40.16 (TeX Live 2015) (preloaded format=pdflatex)
 restricted \write18 enabled.
entering extended mode
LaTeX2e <2015/01/01>
Babel <3.9l> and hyphenation patterns for 79 languages loaded.
(./Rd2.tex
(/usr/local/texlive/2015/texmf-dist/tex/latex/base/book.cls
Document Class: book 2014/09/29 v1.4h Standard LaTeX document class
(/usr/local/texlive/2015/texmf-dist/tex/latex/base/bk10.clo))
(/Library/Frameworks/R.framework/Resources/share/texmf/tex/latex/Rd.sty
(/usr/local/texlive/2015/texmf-dist/tex/latex/base/ifthen.sty)
(/usr/local/texlive/2015/texmf-dist/tex/latex/tools/longtable.sty)
(/usr/local/texlive/2015/texmf-dist/tex/latex/tools/bm.sty)
(/usr/local/texlive/2015/texmf-dist/tex/latex/base/alltt.sty)
(/usr/local/texlive/2015/texmf-dist/tex/latex/tools/verbatim.sty)
(/usr/local/texlive/2015/texmf-dist/tex/latex/url/url.sty)
(/usr/local/texlive/2015/texmf-dist/tex/latex/base/textcomp.sty
(/usr/local/texlive/2015/texmf-dist/tex/latex/base/ts1enc.def))
(/usr/local/texlive/2015/texmf-dist/tex/latex/base/fontenc.sty
(/usr/local/texlive/2015/texmf-dist/tex/latex/base/t1enc.def))
(/usr/local/texlive/2015/texmf-dist/tex/latex/psnfss/times.sty)
(/usr/local/texlive/2015/texmf-dist/tex/latex/inconsolata/zi4.sty
`inconsolata-zi4' v1.05, 2014/06/22 Text macros for Inconsolata (msharpe)
(/usr/local/texlive/2015/texmf-dist/tex/latex/graphics/keyval.sty))
(/usr/local/texlive/2015/texmf-dist/tex/latex/graphics/color.sty
(/usr/local/texlive/2015/texmf-dist/tex/latex/latexconfig/color.cfg)
(/usr/local/texlive/2015/texmf-dist/tex/latex/pdftex-def/pdftex.def
(/usr/local/texlive/2015/texmf-dist/tex/generic/oberdiek/infwarerr.sty)
(/usr/local/texlive/2015/texmf-dist/tex/generic/oberdiek/ltxcmds.sty)))
(/usr/local/texlive/2015/texmf-dist/tex/latex/hyperref/hyperref.sty
(/usr/local/texlive/2015/texmf-dist/tex/generic/oberdiek/hobsub-hyperref.sty
(/usr/local/texlive/2015/texmf-dist/tex/generic/oberdiek/hobsub-generic.sty))
(/usr/local/texlive/2015/texmf-dist/tex/generic/ifxetex/ifxetex.sty)
(/usr/local/texlive/2015/texmf-dist/tex/latex/oberdiek/auxhook.sty)
(/usr/local/texlive/2015/texmf-dist/tex/latex/oberdiek/kvoptions.sty)
(/usr/local/texlive/2015/texmf-dist/tex/latex/hyperref/pd1enc.def)
(/usr/local/texlive/2015/texmf-dist/tex/latex/latexconfig/hyperref.cfg))

Package hyperref Message: Driver (autodetected): hpdftex.

(/usr/local/texlive/2015/texmf-dist/tex/latex/hyperref/hpdftex.def
(/usr/local/texlive/2015/texmf-dist/tex/latex/oberdiek/rerunfilecheck.sty))

Package hyperref Warning: Option `hyperindex' has already been used,
(hyperref)                setting the option has no effect on input line 366.


Package hyperref Warning: Option `pagebackref' has already been used,
(hyperref)                setting the option has no effect on input line 366.

) (/usr/local/texlive/2015/texmf-dist/tex/latex/base/makeidx.sty)
(/usr/local/texlive/2015/texmf-dist/tex/latex/base/inputenc.sty
(/usr/local/texlive/2015/texmf-dist/tex/latex/base/utf8.def
(/usr/local/texlive/2015/texmf-dist/tex/latex/base/t1enc.dfu)
(/usr/local/texlive/2015/texmf-dist/tex/latex/base/ot1enc.dfu)
(/usr/local/texlive/2015/texmf-dist/tex/latex/base/omsenc.dfu)
(/usr/local/texlive/2015/texmf-dist/tex/latex/base/ts1enc.dfu))
(/usr/local/texlive/2015/texmf-dist/tex/latex/base/latin1.def))
(/usr/local/texlive/2015/texmf-dist/tex/latex/graphics/graphicx.sty
(/usr/local/texlive/2015/texmf-dist/tex/latex/graphics/graphics.sty
(/usr/local/texlive/2015/texmf-dist/tex/latex/graphics/trig.sty)
(/usr/local/texlive/2015/texmf-dist/tex/latex/latexconfig/graphics.cfg)))
Writing index file Rd2.idx
(./Rd2.aux) (/usr/local/texlive/2015/texmf-dist/tex/latex/base/ts1cmr.fd)
(/usr/local/texlive/2015/texmf-dist/tex/latex/psnfss/t1ptm.fd)
(/usr/local/texlive/2015/texmf-dist/tex/context/base/supp-pdf.mkii
[Loading MPS to PDF converter (version 2006.09.02).]
) (/usr/local/texlive/2015/texmf-dist/tex/latex/hyperref/nameref.sty
(/usr/local/texlive/2015/texmf-dist/tex/generic/oberdiek/gettitlestring.sty))
(./Rd2.out) (./Rd2.out)
(/usr/local/texlive/2015/texmf-dist/tex/latex/oberdiek/epstopdf-base.sty
(/usr/local/texlive/2015/texmf-dist/tex/latex/oberdiek/grfext.sty)
(/usr/local/texlive/2015/texmf-dist/tex/latex/latexconfig/epstopdf-sys.cfg))
(/usr/local/texlive/2015/texmf-dist/tex/latex/inconsolata/t1zi4.fd)
(/usr/local/texlive/2015/texmf-dist/tex/latex/psnfss/t1phv.fd) (./Rd2.toc
[1{/usr/local/texlive/2015/texmf-var/fonts/map/pdftex/updmap/pdftex.map}])
(/usr/local/texlive/2015/texmf-dist/tex/latex/base/utf8.def)
Overfull \hbox (85.52754pt too wide) in paragraph at lines 75--78
\T1/ptm/m/n/10 the United States: Sci-ence of The To-tal En-vi-ron-ment, v. 538
, p. 431^^U444, https://doi.org/10.1016/j.scitotenv.2015.06.095. 
[2] (/usr/local/texlive/2015/texmf-dist/tex/latex/base/utf8.def) [3] [4]
(/usr/local/texlive/2015/texmf-dist/tex/latex/base/utf8.def) [5]
(/usr/local/texlive/2015/texmf-dist/tex/latex/base/utf8.def)
Overfull \hbox (27.84755pt too wide) in paragraph at lines 314--316
[]\T1/ptm/m/n/10 a nu-meric vec-tor of size 361 with dis-crete val-ues of the s
ea-sonal wave for dec-i-mal sea-son \T1/zi4/m/n/10 seq(0,1,1/360)\T1/ptm/m/n/10
 . 
[6] (/usr/local/texlive/2015/texmf-dist/tex/latex/base/utf8.def) [7]
(/usr/local/texlive/2015/texmf-dist/tex/latex/base/utf8.def)
Overfull \hbox (3.42743pt too wide) in paragraph at lines 463--467
[]\T1/ptm/m/n/10 Ryberg, K.R., and Vec-chia, A.V., 2012, waterData--An R pack-a
ge for re-trieval, anal-y-sis, and anomaly
[8] (/usr/local/texlive/2015/texmf-dist/tex/latex/base/utf8.def)
(/usr/local/texlive/2015/texmf-dist/tex/latex/base/utf8.def)
Overfull \hbox (2.50725pt too wide) in paragraph at lines 522--525
[]\T1/ptm/m/n/10 This is an ex-am-ple of the water-quality data that is passed 
in-ter-nally to sub-func-tions of [][]\T1/zi4/m/n/10 fitswavecav[][][]\T1/ptm/m
/n/10 .
[9] (/usr/local/texlive/2015/texmf-dist/tex/latex/base/utf8.def) [10]
(/usr/local/texlive/2015/texmf-dist/tex/latex/base/utf8.def)
Overfull \hbox (18.29745pt too wide) in paragraph at lines 612--616
[]\T1/ptm/m/n/10 This is an ex-am-ple of data that is used in-ter-nally by [][]
fit-Mod[][][] and passed to its sub-func-tion [][]\T1/zi4/m/n/10 seawaveQPlots[
][][]\T1/ptm/m/n/10 .
(/usr/local/texlive/2015/texmf-dist/tex/latex/base/utf8.def) [11]
(/usr/local/texlive/2015/texmf-dist/tex/latex/base/utf8.def)
Underfull \hbox (badness 10000) in paragraph at lines 701--719

[12] (/usr/local/texlive/2015/texmf-dist/tex/latex/base/utf8.def) [13]
(/usr/local/texlive/2015/texmf-dist/tex/latex/base/utf8.def)
(/usr/local/texlive/2015/texmf-dist/tex/latex/base/utf8.def) [14]
(/usr/local/texlive/2015/texmf-dist/tex/latex/base/utf8.def) [15]
(/usr/local/texlive/2015/texmf-dist/tex/latex/base/utf8.def)
(/usr/local/texlive/2015/texmf-dist/tex/latex/base/utf8.def) [16]
(/usr/local/texlive/2015/texmf-dist/tex/latex/base/utf8.def) [17]
(/usr/local/texlive/2015/texmf-dist/tex/latex/base/utf8.def) [18] [19]
(/usr/local/texlive/2015/texmf-dist/tex/latex/base/utf8.def)
Underfull \hbox (badness 10000) in paragraph at lines 1208--1211

[20] [21] [22] (/usr/local/texlive/2015/texmf-dist/tex/latex/base/utf8.def)
<"/Users/kryberg/rPackages/seawaveQ/seawaveQ.Rcheck/seawaveQ/help/figures/"0558
6100Simazine.pdf, id=460, 433.62pt x 289.08pt>
<use "/Users/kryberg/rPackages/seawaveQ/seawaveQ.Rcheck/seawaveQ/help/figures/"
05586100Simazine.pdf>
<"/Users/kryberg/rPackages/seawaveQ/seawaveQ.Rcheck/seawaveQ/help/figures/"0558
6100Prometon.pdf, id=461, 433.62pt x 289.08pt>
<use "/Users/kryberg/rPackages/seawaveQ/seawaveQ.Rcheck/seawaveQ/help/figures/"
05586100Prometon.pdf>
<"/Users/kryberg/rPackages/seawaveQ/seawaveQ.Rcheck/seawaveQ/help/figures/"0558
6100Metribuzin.pdf, id=462, 433.62pt x 289.08pt>
<use "/Users/kryberg/rPackages/seawaveQ/seawaveQ.Rcheck/seawaveQ/help/figures/"
05586100Metribuzin.pdf>
<"/Users/kryberg/rPackages/seawaveQ/seawaveQ.Rcheck/seawaveQ/help/figures/"0558
6100EPTC.pdf, id=463, 433.62pt x 289.08pt>
<use "/Users/kryberg/rPackages/seawaveQ/seawaveQ.Rcheck/seawaveQ/help/figures/"
05586100EPTC.pdf> [23 </Users/kryberg/rPackages/seawaveQ/seawaveQ.Rcheck/seawav
eQ/help/figures/05586100Simazine.pdf> </Users/kryberg/rPackages/seawaveQ/seawav
eQ.Rcheck/seawaveQ/help/figures/05586100Prometon.pdf>]
<"/Users/kryberg/rPackages/seawaveQ/seawaveQ.Rcheck/seawaveQ/help/figures/"0558
6100BoxPlots.pdf, id=483, 433.62pt x 252.945pt>
<use "/Users/kryberg/rPackages/seawaveQ/seawaveQ.Rcheck/seawaveQ/help/figures/"
05586100BoxPlots.pdf>
Underfull \hbox (badness 10000) in paragraph at lines 1381--1382


Underfull \vbox (badness 10000) has occurred while \output is active [24 </User
s/kryberg/rPackages/seawaveQ/seawaveQ.Rcheck/seawaveQ/help/figures/05586100Metr
ibuzin.pdf> </Users/kryberg/rPackages/seawaveQ/seawaveQ.Rcheck/seawaveQ/help/fi
gures/05586100EPTC.pdf> </Users/kryberg/rPackages/seawaveQ/seawaveQ.Rcheck/seaw
aveQ/help/figures/05586100BoxPlots.pdf>]
Overfull \hbox (33.4092pt too wide) in alignment at lines 1416--1416
 [] [] [] 
[25]
Underfull \vbox (badness 10000) has occurred while \output is active [26]
(/usr/local/texlive/2015/texmf-dist/tex/latex/base/utf8.def) [27]
(/usr/local/texlive/2015/texmf-dist/tex/latex/base/utf8.def) [28] [29]
(/usr/local/texlive/2015/texmf-dist/tex/latex/base/utf8.def) [30]
Overfull \hbox (0.298pt too wide) in paragraph at lines 1798--1828
[]\T1/ptm/m/n/10 The plot-ting po-si-tion used for rep-re-sent-ing cen-sored va
l-ues in the plots pro-duced by [][]\T1/zi4/m/n/10 seawaveQPlots[][][]

Underfull \hbox (badness 10000) in paragraph at lines 1798--1828


Underfull \hbox (badness 10000) in paragraph at lines 1798--1828

[31] (/usr/local/texlive/2015/texmf-dist/tex/latex/base/utf8.def) [32]
Overfull \hbox (5.298pt too wide) in paragraph at lines 1935--1965
[]\T1/ptm/m/n/10 The plot-ting po-si-tion used for rep-re-sent-ing cen-sored va
l-ues in the plots pro-duced by [][]\T1/zi4/m/n/10 seawaveQPlots2[][][]

Underfull \hbox (badness 10000) in paragraph at lines 1935--1965


Underfull \hbox (badness 10000) in paragraph at lines 1935--1965

(./Rd2.ind [33]

LaTeX Font Warning: Font shape `T1/zi4/m/it' undefined
(Font)              using `T1/zi4/m/n' instead on input line 111.

[34]) (./Rd2.aux)

Package rerunfilecheck Warning: File `Rd2.out' has changed.
(rerunfilecheck)                Rerun to get outlines right
(rerunfilecheck)                or use package `bookmark'.


LaTeX Font Warning: Some font shapes were not available, defaults substituted.

 )
(see the transcript file for additional information)pdfTeX warning (dest): name
{Rfn.ros} has been referenced but does not exist, replaced by a fixed one

pdfTeX warning (dest): name{Rfn.plot} has been referenced but does not exist, r
eplaced by a fixed one

pdfTeX warning (dest): name{Rfn.legend} has been referenced but does not exist,
 replaced by a fixed one

pdfTeX warning (dest): name{Rfn.qwMoRivOmaha} has been referenced but does not 
exist, replaced by a fixed one

{/usr/local/texlive/2015/texmf-dist/fonts/enc/dvips/base/8r.enc}{/usr/local/tex
live/2015/texmf-dist/fonts/enc/dvips/inconsolata/i4-t1-0.enc}</usr/local/texliv
e/2015/texmf-dist/fonts/type1/public/inconsolata/Inconsolata-zi4r.pfb></usr/loc
al/texlive/2015/texmf-dist/fonts/type1/public/amsfonts/cm/cmsy10.pfb></usr/loca
l/texlive/2015/texmf-dist/fonts/type1/urw/helvetic/uhvr8a.pfb></usr/local/texli
ve/2015/texmf-dist/fonts/type1/urw/times/utmb8a.pfb></usr/local/texlive/2015/te
xmf-dist/fonts/type1/urw/times/utmr8a.pfb></usr/local/texlive/2015/texmf-dist/f
onts/type1/urw/times/utmr8a.pfb></usr/local/texlive/2015/texmf-dist/fonts/type1
/urw/times/utmri8a.pfb>
Output written on Rd2.pdf (34 pages, 186838 bytes).
Transcript written on Rd2.log.
This is makeindex, version 2.15 [TeX Live 2015] (kpathsea + Thai support).
Scanning input file Rd2.idx....done (110 entries accepted, 0 rejected).
Sorting entries....done (860 comparisons).
Generating output file Rd2.ind....done (123 lines written, 0 warnings).
Output written in Rd2.ind.
Transcript written in Rd2.ilg.
This is pdfTeX, Version 3.14159265-2.6-1.40.16 (TeX Live 2015) (preloaded format=pdflatex)
 restricted \write18 enabled.
entering extended mode
LaTeX2e <2015/01/01>
Babel <3.9l> and hyphenation patterns for 79 languages loaded.
(./Rd2.tex
(/usr/local/texlive/2015/texmf-dist/tex/latex/base/book.cls
Document Class: book 2014/09/29 v1.4h Standard LaTeX document class
(/usr/local/texlive/2015/texmf-dist/tex/latex/base/bk10.clo))
(/Library/Frameworks/R.framework/Resources/share/texmf/tex/latex/Rd.sty
(/usr/local/texlive/2015/texmf-dist/tex/latex/base/ifthen.sty)
(/usr/local/texlive/2015/texmf-dist/tex/latex/tools/longtable.sty)
(/usr/local/texlive/2015/texmf-dist/tex/latex/tools/bm.sty)
(/usr/local/texlive/2015/texmf-dist/tex/latex/base/alltt.sty)
(/usr/local/texlive/2015/texmf-dist/tex/latex/tools/verbatim.sty)
(/usr/local/texlive/2015/texmf-dist/tex/latex/url/url.sty)
(/usr/local/texlive/2015/texmf-dist/tex/latex/base/textcomp.sty
(/usr/local/texlive/2015/texmf-dist/tex/latex/base/ts1enc.def))
(/usr/local/texlive/2015/texmf-dist/tex/latex/base/fontenc.sty
(/usr/local/texlive/2015/texmf-dist/tex/latex/base/t1enc.def))
(/usr/local/texlive/2015/texmf-dist/tex/latex/psnfss/times.sty)
(/usr/local/texlive/2015/texmf-dist/tex/latex/inconsolata/zi4.sty
`inconsolata-zi4' v1.05, 2014/06/22 Text macros for Inconsolata (msharpe)
(/usr/local/texlive/2015/texmf-dist/tex/latex/graphics/keyval.sty))
(/usr/local/texlive/2015/texmf-dist/tex/latex/graphics/color.sty
(/usr/local/texlive/2015/texmf-dist/tex/latex/latexconfig/color.cfg)
(/usr/local/texlive/2015/texmf-dist/tex/latex/pdftex-def/pdftex.def
(/usr/local/texlive/2015/texmf-dist/tex/generic/oberdiek/infwarerr.sty)
(/usr/local/texlive/2015/texmf-dist/tex/generic/oberdiek/ltxcmds.sty)))
(/usr/local/texlive/2015/texmf-dist/tex/latex/hyperref/hyperref.sty
(/usr/local/texlive/2015/texmf-dist/tex/generic/oberdiek/hobsub-hyperref.sty
(/usr/local/texlive/2015/texmf-dist/tex/generic/oberdiek/hobsub-generic.sty))
(/usr/local/texlive/2015/texmf-dist/tex/generic/ifxetex/ifxetex.sty)
(/usr/local/texlive/2015/texmf-dist/tex/latex/oberdiek/auxhook.sty)
(/usr/local/texlive/2015/texmf-dist/tex/latex/oberdiek/kvoptions.sty)
(/usr/local/texlive/2015/texmf-dist/tex/latex/hyperref/pd1enc.def)
(/usr/local/texlive/2015/texmf-dist/tex/latex/latexconfig/hyperref.cfg))

Package hyperref Message: Driver (autodetected): hpdftex.

(/usr/local/texlive/2015/texmf-dist/tex/latex/hyperref/hpdftex.def
(/usr/local/texlive/2015/texmf-dist/tex/latex/oberdiek/rerunfilecheck.sty))

Package hyperref Warning: Option `hyperindex' has already been used,
(hyperref)                setting the option has no effect on input line 366.


Package hyperref Warning: Option `pagebackref' has already been used,
(hyperref)                setting the option has no effect on input line 366.

) (/usr/local/texlive/2015/texmf-dist/tex/latex/base/makeidx.sty)
(/usr/local/texlive/2015/texmf-dist/tex/latex/base/inputenc.sty
(/usr/local/texlive/2015/texmf-dist/tex/latex/base/utf8.def
(/usr/local/texlive/2015/texmf-dist/tex/latex/base/t1enc.dfu)
(/usr/local/texlive/2015/texmf-dist/tex/latex/base/ot1enc.dfu)
(/usr/local/texlive/2015/texmf-dist/tex/latex/base/omsenc.dfu)
(/usr/local/texlive/2015/texmf-dist/tex/latex/base/ts1enc.dfu))
(/usr/local/texlive/2015/texmf-dist/tex/latex/base/latin1.def))
(/usr/local/texlive/2015/texmf-dist/tex/latex/graphics/graphicx.sty
(/usr/local/texlive/2015/texmf-dist/tex/latex/graphics/graphics.sty
(/usr/local/texlive/2015/texmf-dist/tex/latex/graphics/trig.sty)
(/usr/local/texlive/2015/texmf-dist/tex/latex/latexconfig/graphics.cfg)))
Writing index file Rd2.idx
(./Rd2.aux) (/usr/local/texlive/2015/texmf-dist/tex/latex/base/ts1cmr.fd)
(/usr/local/texlive/2015/texmf-dist/tex/latex/psnfss/t1ptm.fd)
(/usr/local/texlive/2015/texmf-dist/tex/context/base/supp-pdf.mkii
[Loading MPS to PDF converter (version 2006.09.02).]
) (/usr/local/texlive/2015/texmf-dist/tex/latex/hyperref/nameref.sty
(/usr/local/texlive/2015/texmf-dist/tex/generic/oberdiek/gettitlestring.sty))
(./Rd2.out) (./Rd2.out)
(/usr/local/texlive/2015/texmf-dist/tex/latex/oberdiek/epstopdf-base.sty
(/usr/local/texlive/2015/texmf-dist/tex/latex/oberdiek/grfext.sty)
(/usr/local/texlive/2015/texmf-dist/tex/latex/latexconfig/epstopdf-sys.cfg))
(/usr/local/texlive/2015/texmf-dist/tex/latex/inconsolata/t1zi4.fd)
(/usr/local/texlive/2015/texmf-dist/tex/latex/psnfss/t1phv.fd) (./Rd2.toc
[1{/usr/local/texlive/2015/texmf-var/fonts/map/pdftex/updmap/pdftex.map}])
(/usr/local/texlive/2015/texmf-dist/tex/latex/base/utf8.def)
Overfull \hbox (85.52754pt too wide) in paragraph at lines 75--78
\T1/ptm/m/n/10 the United States: Sci-ence of The To-tal En-vi-ron-ment, v. 538
, p. 431^^U444, https://doi.org/10.1016/j.scitotenv.2015.06.095. 
[2] (/usr/local/texlive/2015/texmf-dist/tex/latex/base/utf8.def) [3] [4]
(/usr/local/texlive/2015/texmf-dist/tex/latex/base/utf8.def) [5]
(/usr/local/texlive/2015/texmf-dist/tex/latex/base/utf8.def)
Overfull \hbox (27.84755pt too wide) in paragraph at lines 314--316
[]\T1/ptm/m/n/10 a nu-meric vec-tor of size 361 with dis-crete val-ues of the s
ea-sonal wave for dec-i-mal sea-son \T1/zi4/m/n/10 seq(0,1,1/360)\T1/ptm/m/n/10
 . 
[6] (/usr/local/texlive/2015/texmf-dist/tex/latex/base/utf8.def) [7]
(/usr/local/texlive/2015/texmf-dist/tex/latex/base/utf8.def)
Overfull \hbox (3.42743pt too wide) in paragraph at lines 463--467
[]\T1/ptm/m/n/10 Ryberg, K.R., and Vec-chia, A.V., 2012, waterData--An R pack-a
ge for re-trieval, anal-y-sis, and anomaly
[8] (/usr/local/texlive/2015/texmf-dist/tex/latex/base/utf8.def)
(/usr/local/texlive/2015/texmf-dist/tex/latex/base/utf8.def)
Overfull \hbox (2.50725pt too wide) in paragraph at lines 522--525
[]\T1/ptm/m/n/10 This is an ex-am-ple of the water-quality data that is passed 
in-ter-nally to sub-func-tions of [][]\T1/zi4/m/n/10 fitswavecav[][][]\T1/ptm/m
/n/10 .
[9] (/usr/local/texlive/2015/texmf-dist/tex/latex/base/utf8.def) [10]
(/usr/local/texlive/2015/texmf-dist/tex/latex/base/utf8.def)
Overfull \hbox (18.29745pt too wide) in paragraph at lines 612--616
[]\T1/ptm/m/n/10 This is an ex-am-ple of data that is used in-ter-nally by [][]
fit-Mod[][][] and passed to its sub-func-tion [][]\T1/zi4/m/n/10 seawaveQPlots[
][][]\T1/ptm/m/n/10 .
(/usr/local/texlive/2015/texmf-dist/tex/latex/base/utf8.def) [11]
(/usr/local/texlive/2015/texmf-dist/tex/latex/base/utf8.def)
Underfull \hbox (badness 10000) in paragraph at lines 701--719

[12] (/usr/local/texlive/2015/texmf-dist/tex/latex/base/utf8.def) [13]
(/usr/local/texlive/2015/texmf-dist/tex/latex/base/utf8.def)
(/usr/local/texlive/2015/texmf-dist/tex/latex/base/utf8.def) [14]
(/usr/local/texlive/2015/texmf-dist/tex/latex/base/utf8.def) [15]
(/usr/local/texlive/2015/texmf-dist/tex/latex/base/utf8.def)
(/usr/local/texlive/2015/texmf-dist/tex/latex/base/utf8.def) [16]
(/usr/local/texlive/2015/texmf-dist/tex/latex/base/utf8.def) [17]
(/usr/local/texlive/2015/texmf-dist/tex/latex/base/utf8.def) [18] [19]
(/usr/local/texlive/2015/texmf-dist/tex/latex/base/utf8.def)
Underfull \hbox (badness 10000) in paragraph at lines 1208--1211

[20] [21] [22] (/usr/local/texlive/2015/texmf-dist/tex/latex/base/utf8.def)
<"/Users/kryberg/rPackages/seawaveQ/seawaveQ.Rcheck/seawaveQ/help/figures/"0558
6100Simazine.pdf, id=467, 433.62pt x 289.08pt>
<use "/Users/kryberg/rPackages/seawaveQ/seawaveQ.Rcheck/seawaveQ/help/figures/"
05586100Simazine.pdf>
<"/Users/kryberg/rPackages/seawaveQ/seawaveQ.Rcheck/seawaveQ/help/figures/"0558
6100Prometon.pdf, id=468, 433.62pt x 289.08pt>
<use "/Users/kryberg/rPackages/seawaveQ/seawaveQ.Rcheck/seawaveQ/help/figures/"
05586100Prometon.pdf>
<"/Users/kryberg/rPackages/seawaveQ/seawaveQ.Rcheck/seawaveQ/help/figures/"0558
6100Metribuzin.pdf, id=469, 433.62pt x 289.08pt>
<use "/Users/kryberg/rPackages/seawaveQ/seawaveQ.Rcheck/seawaveQ/help/figures/"
05586100Metribuzin.pdf>
<"/Users/kryberg/rPackages/seawaveQ/seawaveQ.Rcheck/seawaveQ/help/figures/"0558
6100EPTC.pdf, id=470, 433.62pt x 289.08pt>
<use "/Users/kryberg/rPackages/seawaveQ/seawaveQ.Rcheck/seawaveQ/help/figures/"
05586100EPTC.pdf> [23 </Users/kryberg/rPackages/seawaveQ/seawaveQ.Rcheck/seawav
eQ/help/figures/05586100Simazine.pdf> </Users/kryberg/rPackages/seawaveQ/seawav
eQ.Rcheck/seawaveQ/help/figures/05586100Prometon.pdf>]
<"/Users/kryberg/rPackages/seawaveQ/seawaveQ.Rcheck/seawaveQ/help/figures/"0558
6100BoxPlots.pdf, id=490, 433.62pt x 252.945pt>
<use "/Users/kryberg/rPackages/seawaveQ/seawaveQ.Rcheck/seawaveQ/help/figures/"
05586100BoxPlots.pdf>
Underfull \hbox (badness 10000) in paragraph at lines 1381--1382


Underfull \vbox (badness 10000) has occurred while \output is active [24 </User
s/kryberg/rPackages/seawaveQ/seawaveQ.Rcheck/seawaveQ/help/figures/05586100Metr
ibuzin.pdf> </Users/kryberg/rPackages/seawaveQ/seawaveQ.Rcheck/seawaveQ/help/fi
gures/05586100EPTC.pdf> </Users/kryberg/rPackages/seawaveQ/seawaveQ.Rcheck/seaw
aveQ/help/figures/05586100BoxPlots.pdf>]
Overfull \hbox (33.4092pt too wide) in alignment at lines 1416--1416
 [] [] [] 
[25]
Underfull \vbox (badness 10000) has occurred while \output is active [26]
(/usr/local/texlive/2015/texmf-dist/tex/latex/base/utf8.def) [27]
(/usr/local/texlive/2015/texmf-dist/tex/latex/base/utf8.def) [28] [29]
(/usr/local/texlive/2015/texmf-dist/tex/latex/base/utf8.def) [30]
Overfull \hbox (0.298pt too wide) in paragraph at lines 1798--1828
[]\T1/ptm/m/n/10 The plot-ting po-si-tion used for rep-re-sent-ing cen-sored va
l-ues in the plots pro-duced by [][]\T1/zi4/m/n/10 seawaveQPlots[][][]

Underfull \hbox (badness 10000) in paragraph at lines 1798--1828


Underfull \hbox (badness 10000) in paragraph at lines 1798--1828

[31] (/usr/local/texlive/2015/texmf-dist/tex/latex/base/utf8.def) [32]
Overfull \hbox (5.298pt too wide) in paragraph at lines 1935--1965
[]\T1/ptm/m/n/10 The plot-ting po-si-tion used for rep-re-sent-ing cen-sored va
l-ues in the plots pro-duced by [][]\T1/zi4/m/n/10 seawaveQPlots2[][][]

Underfull \hbox (badness 10000) in paragraph at lines 1935--1965


Underfull \hbox (badness 10000) in paragraph at lines 1935--1965

(./Rd2.ind [33]

LaTeX Font Warning: Font shape `T1/zi4/m/it' undefined
(Font)              using `T1/zi4/m/n' instead on input line 114.

[34]) (./Rd2.aux)

LaTeX Font Warning: Some font shapes were not available, defaults substituted.

 )
(see the transcript file for additional information)pdfTeX warning (dest): name
{Rfn.ros} has been referenced but does not exist, replaced by a fixed one

pdfTeX warning (dest): name{Rfn.plot} has been referenced but does not exist, r
eplaced by a fixed one

pdfTeX warning (dest): name{Rfn.legend} has been referenced but does not exist,
 replaced by a fixed one

pdfTeX warning (dest): name{Rfn.qwMoRivOmaha} has been referenced but does not 
exist, replaced by a fixed one

{/usr/local/texlive/2015/texmf-dist/fonts/enc/dvips/base/8r.enc}{/usr/local/tex
live/2015/texmf-dist/fonts/enc/dvips/inconsolata/i4-t1-0.enc}</usr/local/texliv
e/2015/texmf-dist/fonts/type1/public/inconsolata/Inconsolata-zi4r.pfb></usr/loc
al/texlive/2015/texmf-dist/fonts/type1/public/amsfonts/cm/cmsy10.pfb></usr/loca
l/texlive/2015/texmf-dist/fonts/type1/urw/helvetic/uhvr8a.pfb></usr/local/texli
ve/2015/texmf-dist/fonts/type1/urw/times/utmb8a.pfb></usr/local/texlive/2015/te
xmf-dist/fonts/type1/urw/times/utmr8a.pfb></usr/local/texlive/2015/texmf-dist/f
onts/type1/urw/times/utmr8a.pfb></usr/local/texlive/2015/texmf-dist/fonts/type1
/urw/times/utmri8a.pfb>
Output written on Rd2.pdf (34 pages, 187540 bytes).
Transcript written on Rd2.log.
Saving output to ‘seawaveQ-manual.pdf’ ...
Done
You may want to clean up by 'rm -Rf /var/folders/j_/qg428dln6v71fsy0__v0k8h0000sf_/T//RtmpNPWNdC/Rd2pdf26d4151fe4e2'
